
**** Build of configuration Debug for project WSS ****

C:\ti\ccs1020\ccs\utils\bin\gmake.exe -k -j 4 all -O 

Error: "C:\\ti\\ccs1020\\ccs\\utils\\bin\\gmake.exe" -k -j 4 all -O 
Cannot run program "C:\ti\ccs1020\ccs\utils\bin\gmake.exe": Access is denied.



**** Build Finished ****

**** Build of configuration Debug for project WSS ****

C:\ti\ccs1020\ccs\utils\bin\gmake.exe -k -j 4 all -O 

Error: "C:\\ti\\ccs1020\\ccs\\utils\\bin\\gmake.exe" -k -j 4 all -O 
Cannot run program "C:\ti\ccs1020\ccs\utils\bin\gmake.exe": Access is denied.



**** Build Finished ****

**** Build of configuration Debug for project WSS ****

C:\ti\ccs1020\ccs\utils\bin\gmake.exe -k -j 4 all -O 

Error: "C:\\ti\\ccs1020\\ccs\\utils\\bin\\gmake.exe" -k -j 4 all -O 
Cannot run program "C:\ti\ccs1020\ccs\utils\bin\gmake.exe": Access is denied.



**** Build Finished ****

**** Build of configuration Debug for project WSS ****

C:\ti\ccs1020\ccs\utils\bin\gmake.exe -k -j 4 all -O 

Error: "C:\\ti\\ccs1020\\ccs\\utils\\bin\\gmake.exe" -k -j 4 all -O 
Cannot run program "C:\ti\ccs1020\ccs\utils\bin\gmake.exe": Access is denied.



**** Build Finished ****

**** Build of configuration Debug for project WSS ****

C:\ti\ccs1020\ccs\utils\bin\gmake.exe -k -j 4 all -O 

Error: "C:\\ti\\ccs1020\\ccs\\utils\\bin\\gmake.exe" -k -j 4 all -O 
Cannot run program "C:\ti\ccs1020\ccs\utils\bin\gmake.exe": Access is denied.



**** Build Finished ****

**** Build of configuration Debug for project WSS ****

C:\ti\ccs1020\ccs\utils\bin\gmake.exe -k -j 4 all -O 

Error: "C:\\ti\\ccs1020\\ccs\\utils\\bin\\gmake.exe" -k -j 4 all -O 
Cannot run program "C:\ti\ccs1020\ccs\utils\bin\gmake.exe": Access is denied.



**** Build Finished ****
